2014-01-06 00:24:41 =ERROR REPORT====
** Generic server generic_switch_sup terminating 
** Last message in was {'EXIT',<0.32.0>,{badarg,[{ets,next,[24595,2],[]},{erl_eval,do_apply,6,[{file,"erl_eval.erl"},{line,576}]},{shell,exprs,7,[{file,"shell.erl"},{line,668}]},{shell,eval_exprs,7,[{file,"shell.erl"},{line,623}]},{shell,eval_loop,3,[{file,"shell.erl"},{line,608}]}]}}
** When Server state == {state,{local,generic_switch_sup},one_for_one,[{child,<0.58.0>,sipGateway,{generic_switch_sip_gateway,start_link,[]},permanent,2000,worker,[client_switch_sip_gateway]},{child,<0.55.0>,genericClientDatabase,{client_database,start_link,[]},permanent,2000,worker,[client_database]},{child,<0.54.0>,sipDialogRouter,{generic_switch_sip_router,start_link,[24595]},permanent,2000,worker,[generic_switch_sip_router]},{child,<0.53.0>,udpTransport,{generic_switch_sip_transport_udp,start_link,[{5060,[binary]}]},permanent,2000,worker,[generic_switch_sip_transport_udp]}],undefined,5,10,[],generic_switch_sup,[]}
** Reason for termination == 
** {badarg,[{ets,next,[24595,2],[]},{erl_eval,do_apply,6,[{file,"erl_eval.erl"},{line,576}]},{shell,exprs,7,[{file,"shell.erl"},{line,668}]},{shell,eval_exprs,7,[{file,"shell.erl"},{line,623}]},{shell,eval_loop,3,[{file,"shell.erl"},{line,608}]}]}
2014-01-06 00:24:41 =CRASH REPORT====
  crasher:
    initial call: supervisor:generic_switch_sup/1
    pid: <0.52.0>
    registered_name: generic_switch_sup
    exception exit: {{badarg,[{ets,next,[24595,2],[]},{erl_eval,do_apply,6,[{file,"erl_eval.erl"},{line,576}]},{shell,exprs,7,[{file,"shell.erl"},{line,668}]},{shell,eval_exprs,7,[{file,"shell.erl"},{line,623}]},{shell,eval_loop,3,[{file,"shell.erl"},{line,608}]}]},[{gen_server,terminate,6,[{file,"gen_server.erl"},{line,747}]},{proc_lib,init_p_do_apply,3,[{file,"proc_lib.erl"},{line,227}]}]}
    ancestors: [<0.32.0>]
    messages: [{'EXIT',<0.32.0>,normal}]
    links: []
    dictionary: []
    trap_exit: true
    status: running
    heap_size: 610
    stack_size: 24
    reductions: 551
  neighbours:
