This is pdfTeX, Version 3.1415926-1.40.10 (TeX Live 2009/Debian) (format=pdflatex 2012.12.20)  13 MAY 2014 17:52
entering extended mode
 %&-line parsing enabled.
**projekt
(./projekt.tex
LaTeX2e <2009/09/24>
Babel <v3.8l> and hyphenation patterns for english, usenglishmax, dumylang, noh
yphenation, czech, slovak, loaded.
(./fitthesis.cls
Document Class: fitthesis 2007/04/13 Sablona pro BP/DP
(/usr/share/texmf-texlive/tex/latex/base/report.cls
Document Class: report 2007/10/19 v1.4h Standard LaTeX document class
(/usr/share/texmf-texlive/tex/latex/base/size11.clo
File: size11.clo 2007/10/19 v1.4h Standard LaTeX file (size option)
)
\c@part=\count79
\c@chapter=\count80
\c@section=\count81
\c@subsection=\count82
\c@subsubsection=\count83
\c@paragraph=\count84
\c@subparagraph=\count85
\c@figure=\count86
\c@table=\count87
\abovecaptionskip=\skip41
\belowcaptionskip=\skip42
\bibindent=\dimen102
)
(/usr/share/texmf-texlive/tex/latex/amsmath/amsmath.sty
Package: amsmath 2000/07/18 v2.13 AMS math features
\@mathmargin=\skip43

For additional information on amsmath, use the `?' option.
(/usr/share/texmf-texlive/tex/latex/amsmath/amstext.sty
Package: amstext 2000/06/29 v2.01

(/usr/share/texmf-texlive/tex/latex/amsmath/amsgen.sty
File: amsgen.sty 1999/11/30 v2.0
\@emptytoks=\toks14
\ex@=\dimen103
))
(/usr/share/texmf-texlive/tex/latex/amsmath/amsbsy.sty
Package: amsbsy 1999/11/29 v1.2d
\pmbraise@=\dimen104
)
(/usr/share/texmf-texlive/tex/latex/amsmath/amsopn.sty
Package: amsopn 1999/12/14 v2.01 operator names
)
\inf@bad=\count88
LaTeX Info: Redefining \frac on input line 211.
\uproot@=\count89
\leftroot@=\count90
LaTeX Info: Redefining \overline on input line 307.
\classnum@=\count91
\DOTSCASE@=\count92
LaTeX Info: Redefining \ldots on input line 379.
LaTeX Info: Redefining \dots on input line 382.
LaTeX Info: Redefining \cdots on input line 467.
\Mathstrutbox@=\box26
\strutbox@=\box27
\big@size=\dimen105
LaTeX Font Info:    Redeclaring font encoding OML on input line 567.
LaTeX Font Info:    Redeclaring font encoding OMS on input line 568.
\macc@depth=\count93
\c@MaxMatrixCols=\count94
\dotsspace@=\muskip10
\c@parentequation=\count95
\dspbrk@lvl=\count96
\tag@help=\toks15
\row@=\count97
\column@=\count98
\maxfields@=\count99
\andhelp@=\toks16
\eqnshift@=\dimen106
\alignsep@=\dimen107
\tagshift@=\dimen108
\tagwidth@=\dimen109
\totwidth@=\dimen110
\lineht@=\dimen111
\@envbody=\toks17
\multlinegap=\skip44
\multlinetaggap=\skip45
\mathdisplay@stack=\toks18
LaTeX Info: Redefining \[ on input line 2666.
LaTeX Info: Redefining \] on input line 2667.
)
(/usr/share/texmf-texlive/tex/latex/amsfonts/amssymb.sty
Package: amssymb 2009/06/22 v3.00

(/usr/share/texmf-texlive/tex/latex/amsfonts/amsfonts.sty
Package: amsfonts 2009/06/22 v3.00 Basic AMSFonts support
\symAMSa=\mathgroup4
\symAMSb=\mathgroup5
LaTeX Font Info:    Overwriting math alphabet `\mathfrak' in version `bold'
(Font)                  U/euf/m/n --> U/euf/b/n on input line 96.
))
(/usr/share/texmf-texlive/tex/generic/babel/babel.sty
Package: babel 2008/07/06 v3.8l The Babel package

(/usr/share/texmf-texlive/tex/generic/babel/english.ldf
Language: english 2005/03/30 v3.3o English support from the babel system

(/usr/share/texmf-texlive/tex/generic/babel/babel.def
File: babel.def 2008/07/06 v3.8l Babel common definitions
\babel@savecnt=\count100
\U@D=\dimen112
)
\l@british = a dialect from \language\l@english 
\l@UKenglish = a dialect from \language\l@english 
\l@canadian = a dialect from \language\l@american 
\l@australian = a dialect from \language\l@british 
\l@newzealand = a dialect from \language\l@british 
)
(/usr/share/texmf-texlive/tex/generic/babel/czech.ldf
Language: czech 2008/07/06 v3.1a Czech support from the babel system
Package babel Info: Making " an active character on input line 172.
\cs@wordlen=\count101
Package babel Info: Making - an active character on input line 226.
))
(/usr/share/texmf-texlive/tex/latex/base/inputenc.sty
Package: inputenc 2008/03/30 v1.1d Input encoding file
\inpenc@prehook=\toks19
\inpenc@posthook=\toks20

(/usr/share/texmf-texlive/tex/latex/base/latin2.def
File: latin2.def 2008/03/30 v1.1d Input encoding file
))
(/usr/share/texmf-texlive/tex/latex/graphics/graphicx.sty
Package: graphicx 1999/02/16 v1.0f Enhanced LaTeX Graphics (DPC,SPQR)

(/usr/share/texmf-texlive/tex/latex/graphics/keyval.sty
Package: keyval 1999/03/16 v1.13 key=value parser (DPC)
\KV@toks@=\toks21
)
(/usr/share/texmf-texlive/tex/latex/graphics/graphics.sty
Package: graphics 2009/02/05 v1.0o Standard LaTeX Graphics (DPC,SPQR)

(/usr/share/texmf-texlive/tex/latex/graphics/trig.sty
Package: trig 1999/03/16 v1.09 sin cos tan (DPC)
)
(/etc/texmf/tex/latex/config/graphics.cfg
File: graphics.cfg 2009/08/28 v1.8 graphics configuration of TeX Live
)
Package graphics Info: Driver file: pdftex.def on input line 91.

(/usr/share/texmf-texlive/tex/latex/pdftex-def/pdftex.def
File: pdftex.def 2009/08/25 v0.04m Graphics/color for pdfTeX
\Gread@gobject=\count102
))
\Gin@req@height=\dimen113
\Gin@req@width=\dimen114
)
\mkspc=\skip46
)
(/usr/share/texmf-texlive/tex/latex/base/fontenc.sty
Package: fontenc 2005/09/27 v1.99g Standard LaTeX package

(/usr/share/texmf-texlive/tex/latex/base/t1enc.def
File: t1enc.def 2005/09/27 v1.99g Standard LaTeX file
LaTeX Font Info:    Redeclaring font encoding T1 on input line 43.
)
(/usr/share/texmf-texlive/tex/latex/cslatex/il2enc.def
File: il2enc.def 1997/08/20 CSLaTeX
)
LaTeX Font Info:    Try loading font information for IL2+cmr on input line 100.


(/usr/share/texmf-texlive/tex/latex/cslatex/il2cmr.fd
File: il2cmr.fd 1997/02/06 CSLaTeX font definitions
))
(/usr/share/texmf-texlive/tex/latex/ltxmisc/url.sty
\Urlmuskip=\muskip11
Package: url 2006/04/12  ver 3.3  Verb mode for urls, etc.
)
(/usr/share/texmf-texlive/tex/latex/listings/listings.sty
\lst@mode=\count103
\lst@gtempboxa=\box28
\lst@token=\toks22
\lst@length=\count104
\lst@currlwidth=\dimen115
\lst@column=\count105
\lst@pos=\count106
\lst@lostspace=\dimen116
\lst@width=\dimen117
\lst@newlines=\count107
\lst@lineno=\count108
\lst@maxwidth=\dimen118

(/usr/share/texmf-texlive/tex/latex/listings/lstmisc.sty
File: lstmisc.sty 2007/02/22 1.4 (Carsten Heinz)
\c@lstnumber=\count109
\lst@skipnumbers=\count110
\lst@framebox=\box29
)
(/usr/share/texmf-texlive/tex/latex/listings/listings.cfg
File: listings.cfg 2007/02/22 1.4 listings configuration
))
Package: listings 2007/02/22 1.4 (Carsten Heinz)

No file projekt.aux.
\openout1 = `projekt.aux'.

LaTeX Font Info:    Checking defaults for OML/cmm/m/it on input line 145.
LaTeX Font Info:    ... okay on input line 145.
LaTeX Font Info:    Checking defaults for T1/cmr/m/n on input line 145.
LaTeX Font Info:    ... okay on input line 145.
LaTeX Font Info:    Checking defaults for OT1/cmr/m/n on input line 145.
LaTeX Font Info:    ... okay on input line 145.
LaTeX Font Info:    Checking defaults for OMS/cmsy/m/n on input line 145.
LaTeX Font Info:    ... okay on input line 145.
LaTeX Font Info:    Checking defaults for OMX/cmex/m/n on input line 145.
LaTeX Font Info:    ... okay on input line 145.
LaTeX Font Info:    Checking defaults for U/cmr/m/n on input line 145.
LaTeX Font Info:    ... okay on input line 145.
LaTeX Font Info:    Checking defaults for IL2/cmr/m/n on input line 145.
LaTeX Font Info:    ... okay on input line 145.
(/usr/share/texmf-texlive/tex/context/base/supp-pdf.mkii
[Loading MPS to PDF converter (version 2006.09.02).]
\scratchcounter=\count111
\scratchdimen=\dimen119
\scratchbox=\box30
\nofMPsegments=\count112
\nofMParguments=\count113
\everyMPshowfont=\toks23
\MPscratchCnt=\count114
\MPscratchDim=\dimen120
\MPnumerator=\count115
\everyMPtoPDFconversion=\toks24
)
\c@lstlisting=\count116
LaTeX Font Info:    Try loading font information for IL2+phv on input line 148.

 (/usr/share/texmf-texlive/tex/cslatex/base/il2phv.fd
File: il2phv.fd 1998/12/27 CS Helvetica
LaTeX Font Info:     CS Helvetica on input line 2.
LaTeX Font Info:    (C) Z. Wagner,1998/12/27 on input line 3.
LaTeX Font Info:    Created by CsPsFont utility v.1.0f (C) Z. Wagner, 1998/12/2
7 on input line 4.
)
\@obrlogo=\box31
\@rtext=\box32
\@vyskartext=\skip47
\@vyskaobr=\skip48

<fig/vut-zp2.pdf, id=1, 109.40875pt x 109.40875pt>
File: fig/vut-zp2.pdf Graphic file (type pdf)
 <use fig/vut-zp2.pdf>
Overfull \hbox (109.58464pt too wide) in paragraph at lines 148--148
[][] 
 []

<fig/fit-zp2.pdf, id=2, 120.45pt x 120.45pt>
File: fig/fit-zp2.pdf Graphic file (type pdf)
 <use fig/fit-zp2.pdf>
Overfull \hbox (109.58464pt too wide) in paragraph at lines 148--148
[][] 
 []


Overfull \hbox (28.05893pt too wide) in paragraph at lines 148--148
\IL2/phv/m/n/18 VOIP S VYU®ITÍM FUNKCIONÁL-NÍHO PRO-GRAMOVÁNÍ 
 []

[1

{/var/lib/texmf/fonts/map/pdftex/updmap/pdftex.map} <./fig/vut-zp2.pdf> <./fig/
fit-zp2.pdf>]

LaTeX Font Warning: Font shape `IL2/cmr/m/n' in size <16> not available
(Font)              size <17.28> substituted on input line 148.


LaTeX Font Warning: Font shape `IL2/cmr/bx/n' in size <16> not available
(Font)              size <17.28> substituted on input line 148.

[2]

LaTeX Font Warning: Font shape `IL2/cmr/m/n' in size <18> not available
(Font)              size <17.28> substituted on input line 148.


LaTeX Font Warning: Font shape `IL2/cmr/bx/n' in size <18> not available
(Font)              size <17.28> substituted on input line 148.

LaTeX Font Info:    Try loading font information for OMS+cmr on input line 148.

(/usr/share/texmf-texlive/tex/latex/base/omscmr.fd
File: omscmr.fd 1999/05/25 v2.5h Standard LaTeX font definitions
)
LaTeX Font Info:    Font shape `OMS/cmr/m/n' in size <10.95> not available
(Font)              Font shape `OMS/cmsy/m/n' tried instead on input line 148.
 [3]
No file projekt.toc.
\tf@toc=\write3
\openout3 = `projekt.toc'.

(./obsah.tex [1


]
Chapter 1.

LaTeX Warning: Citation `SIPrfc' on page 2 undefined on input line 88.


LaTeX Warning: Citation `h323standard' on page 2 undefined on input line 88.

[2

]

LaTeX Warning: Citation `h323standard' on page 3 undefined on input line 112.


LaTeX Warning: Citation `h225' on page 3 undefined on input line 115.


LaTeX Warning: Citation `h245' on page 3 undefined on input line 116.

[3]

LaTeX Warning: Citation `SIPrfc' on page 4 undefined on input line 131.


LaTeX Warning: Citation `SIPrfc2' on page 4 undefined on input line 131.

[4]

LaTeX Warning: Citation `LCPCPv1definition' on page 5 undefined on input line 1
53.


LaTeX Warning: Citation `RTPstandard' on page 5 undefined on input line 158.

[5] [6]
Chapter 2.
[7

] (/usr/share/texmf-texlive/tex/latex/listings/lstlang1.sty
File: lstlang1.sty 2004/09/05 1.3 listings language file
)
(/usr/share/texmf-texlive/tex/latex/listings/lstmisc.sty
File: lstmisc.sty 2007/02/22 1.4 (Carsten Heinz)
)
LaTeX Font Info:    Try loading font information for IL2+cmtt on input line 204
.

(/usr/share/texmf-texlive/tex/latex/cslatex/il2cmtt.fd
File: il2cmtt.fd 1997/08/20 CSLaTeX font definitions
) (./scodes/callbyvalue.c
LaTeX Font Info:    Font shape `IL2/cmtt/bx/n' in size <8> not available
(Font)              Font shape `IL2/cmtt/m/n' tried instead on input line 1.
) [8] (./scodes/callbyref.c)

LaTeX Warning: Citation `lyah' on page 9 undefined on input line 215.

(/usr/share/texmf-texlive/tex/latex/listings/lstlang1.sty
File: lstlang1.sty 2004/09/05 1.3 listings language file
)
(/usr/share/texmf-texlive/tex/latex/listings/lstlang2.sty
File: lstlang2.sty 2004/09/05 1.3 listings language file
)
(./scodes/lazy_evaluation_example.hs) [9

] [10]
Chapter 3.
<fig/erlang_supervision_tree.pdf, id=56, 513.63593pt x 261.49121pt>
File: fig/erlang_supervision_tree.pdf Graphic file (type pdf)

<use fig/erlang_supervision_tree.pdf> [11

]

LaTeX Warning: Citation `programming_erlang' on page 12 undefined on input line
 258.


LaTeX Warning: Citation `erlang_programming' on page 12 undefined on input line
 258.

[12 <./fig/erlang_supervision_tree.pdf>]

LaTeX Warning: Citation `armstrong_history_erlang' on page 13 undefined on inpu
t line 270.


LaTeX Warning: Citation `armstrong_type_system' on page 13 undefined on input l
ine 282.

[13] [14] (./scodes/behaviour_patterns.erl)

LaTeX Warning: Citation `lyse' on page 15 undefined on input line 312.

<fig/gen_server_example.pdf, id=78, 371.20876pt x 134.44514pt>
File: fig/gen_server_example.pdf Graphic file (type pdf)

<use fig/gen_server_example.pdf>
LaTeX Font Info:    Try loading font information for U+msa on input line 327.

(/usr/share/texmf-texlive/tex/latex/amsfonts/umsa.fd
File: umsa.fd 2009/06/22 v3.00 AMS symbols A
)
LaTeX Font Info:    Try loading font information for U+msb on input line 327.

(/usr/share/texmf-texlive/tex/latex/amsfonts/umsb.fd
File: umsb.fd 2009/06/22 v3.00 AMS symbols B
)

LaTeX Warning: Citation `erlang_fsm' on page 15 undefined on input line 330.


Underfull \hbox (badness 10000) in paragraph at lines 324--331

 []


Underfull \hbox (badness 10000) in paragraph at lines 324--331

 []

[15

 <./fig/gen_server_example.pdf>]
<fig/event_handler_example.png, id=91, 554.07pt x 273.02pt>
File: fig/event_handler_example.png Graphic file (type png)

<use fig/event_handler_example.png> [16 <./fig/event_handler_example.png>]
[17

]
Chapter 4.
[18

]

pdfTeX warning: pdflatex (file ./fig/core_design.pdf): PDF inclusion: found PDF
 version <1.5>, but at most version <1.4> allowed
<fig/core_design.pdf, id=107, 845.04686pt x 597.50786pt>
File: fig/core_design.pdf Graphic file (type pdf)

<use fig/core_design.pdf> [19 <./fig/core_design.pdf>]

LaTeX Warning: Citation `computer_protocols_desing_and_validation' on page 20 u
ndefined on input line 380.

[20] <fig/generic_protocol.pdf, id=122, 561.12119pt x 388.28134pt>
File: fig/generic_protocol.pdf Graphic file (type pdf)

<use fig/generic_protocol.pdf> (./scodes/generic_protocol_dat.erl) [21 <./fig/g
eneric_protocol.pdf>]

! LaTeX Error: Illegal character in array arg.

See the LaTeX manual or LaTeX Companion for explanation.
Type  H <return>  for immediate help.
 ...                                              
                                                  
l.422 ...in{tabular}{|c{5.5cm}|c{5.5cm}|c{5.5cm}|}
                                                  
? 
! Interruption.
\GenericError  ...                                
                                                  \endgroup 
l.422 ...in{tabular}{|c{5.5cm}|c{5.5cm}|c{5.5cm}|}
                                                  
? 

! LaTeX Error: Illegal character in array arg.

See the LaTeX manual or LaTeX Companion for explanation.
Type  H <return>  for immediate help.
 ...                                              
                                                  
l.422 ...in{tabular}{|c{5.5cm}|c{5.5cm}|c{5.5cm}|}
                                                  
? 

! LaTeX Error: Illegal character in array arg.

See the LaTeX manual or LaTeX Companion for explanation.
Type  H <return>  for immediate help.
 ...                                              
                                                  
l.422 ...in{tabular}{|c{5.5cm}|c{5.5cm}|c{5.5cm}|}
                                                  
? q
OK, entering \batchmode...

LaTeX Warning: Reference `sec:GM_type_fields' on page 22 undefined on input lin
e 425.


LaTeX Warning: Reference `sec:GM_caller_fields' on page 22 undefined on input l
ine 427.


LaTeX Warning: Reference `sec:GM_caller_fields' on page 22 undefined on input l
ine 428.


LaTeX Warning: Reference `sec:GM_route_fields' on page 22 undefined on input li
ne 429.


LaTeX Warning: Reference `sec:GM_route_fields' on page 22 undefined on input li
ne 430.


LaTeX Warning: Reference `sec:GM_rtr' on page 22 undefined on input line 431.


LaTeX Warning: Reference `sec:GM_sp' on page 22 undefined on input line 433.


Overfull \hbox (55.38176pt too wide) in paragraph at lines 422--437
[][] 
 []

 [22

]

pdfTeX warning: pdflatex (file ./fig/simplecall_fsm.pdf): PDF inclusion: found 
PDF version <1.5>, but at most version <1.4> allowed

<fig/simplecall_fsm.pdf, id=132, 597.50786pt x 845.04686pt>
File: fig/simplecall_fsm.pdf Graphic file (type pdf)
 <use fig/simplecall_fsm.pdf>

LaTeX Warning: Reference `tab:GM' on page 23 undefined on input line 490.


LaTeX Warning: Reference `sec:GP' on page 23 undefined on input line 490.

 [23 <./fig/simplecall_fsm.pdf>]

pdfTeX warning: pdflatex (file ./fig/exchange_desing_1.pdf): PDF inclusion: fou
nd PDF version <1.5>, but at most version <1.4> allowed

<fig/exchange_desing_1.pdf, id=171, 845.04686pt x 597.50786pt>
File: fig/exchange_desing_1.pdf Graphic file (type pdf)
 <use fig/exchange_desing_1.pdf>

LaTeX Warning: Reference `CancelVsBye' on page 24 undefined on input line 513.


LaTeX Warning: `!h' float specifier changed to `!ht'.


Overfull \hbox (50.24829pt too wide) in paragraph at lines 525--537
 [][] 
 []


LaTeX Warning: `!h' float specifier changed to `!ht'.


LaTeX Warning: Reference `GP' on page 24 undefined on input line 541.

 [24 <./fig/exchange_desing_1.pdf>] [25]
<fig/SIP_to_SIP_simplecall_using_generic_protocol.pdf, id=193, 821.41873pt x 55
5.02756pt>
File: fig/SIP_to_SIP_simplecall_using_generic_protocol.pdf Graphic file (type p
df)

<use fig/SIP_to_SIP_simplecall_using_generic_protocol.pdf>

pdfTeX warning: pdflatex (file ./fig/dfd.pdf): PDF inclusion: found PDF version
 <1.5>, but at most version <1.4> allowed
 <fig/dfd.pdf, id=195, 597.50786pt x 845.04686pt>
File: fig/dfd.pdf Graphic file (type pdf)
 <use fig/dfd.pdf>

LaTeX Warning: `!h' float specifier changed to `!ht'.

 [26 <./fig/SIP_to_SIP_simplecall_using_generic_protocol.pdf>] [27 <./fig/dfd.p
df>]
<fig/exchange_design_supervision_tree.pdf, id=218, 688.50958pt x 403.24823pt>
File: fig/exchange_design_supervision_tree.pdf Graphic file (type pdf)
 <use fig/exchange_design_supervision_tree.pdf> [28

 <./fig/exchange_design_supervision_tree.pdf>]
Chapter 5.
 <fig/VoIPnetwork.png, id=225, 1204.5pt x 241.90375pt>
File: fig/VoIPnetwork.png Graphic file (type png)
 <use fig/VoIPnetwork.png> (./pkts/register1.out) [29

 <./fig/VoIPnetwork.png (PNG copy)>] (./pkts/ok1.out) (./pkts/publish1.out) (./
pkts/mna1.out) [30

]

pdfTeX warning: pdflatex (file ./fig/SIP_to_SIP_simplecall.pdf): PDF inclusion:
 found PDF version <1.5>, but at most version <1.4> allowed

<fig/SIP_to_SIP_simplecall.pdf, id=232, 845.04686pt x 597.50786pt>
File: fig/SIP_to_SIP_simplecall.pdf Graphic file (type pdf)
 <use fig/SIP_to_SIP_simplecall.pdf> (./pkts/invite11.out)

LaTeX Warning: Reference `CancelVsBye' on page 31 undefined on input line 648.

 [31 <./fig/SIP_to_SIP_simplecall.pdf>] (./pkts/invite12.out) [32

]
Chapter 6.
 (./scodes/map_example.erl) (./scodes/fold_example.erl) [33

]
Chapter 7.
 [34

] [35]
Chapter 8.

LaTeX Warning: Citation `GPL' on page 36 undefined on input line 683.

 [36

] [37]
Chapter 9.
 [38

])
No file projekt.bbl.
 (./prilohy.tex [39]
No file projekt.lof.
\tf@lof=\write4
\openout4 = `projekt.lof'.

 [40

] (./projekt.lol)
\tf@lol=\write5
\openout5 = `projekt.lol'.

) [41

] (./projekt.aux)

LaTeX Font Warning: Size substitutions with differences
(Font)              up to 1.28pt have occurred.


LaTeX Warning: There were undefined references.


LaTeX Warning: Label(s) may have changed. Rerun to get cross-references right.

 ) 
Here is how much of TeX's memory you used:
 5524 strings out of 495027
 69567 string characters out of 1181418
 294986 words of memory out of 3000000
 8568 multiletter control sequences out of 15000+50000
 20642 words of font info for 57 fonts, out of 3000000 for 9000
 38 hyphenation exceptions out of 8191
 35i,8n,59p,1346b,1561s stack positions out of 5000i,500n,10000p,200000b,50000s
{/usr/share/texmf-texlive/fonts/enc/dvips/base/8a.enc}</usr/share/texmf-texli
ve/fonts/type1/public/amsfonts/cm/cmmi10.pfb></usr/share/texmf-texlive/fonts/ty
pe1/public/amsfonts/cm/cmr10.pfb></usr/share/texmf-texlive/fonts/type1/public/a
msfonts/cm/cmsy10.pfb></usr/share/texmf-texlive/fonts/type1/public/amsfonts/cm/
cmsy8.pfb></usr/share/texmf-texlive/fonts/type1/public/cs/csbx10.pfb></usr/shar
e/texmf-texlive/fonts/type1/public/cs/csbx12.pfb></usr/share/texmf-texlive/font
s/type1/public/cs/csr10.pfb></usr/share/texmf-texlive/fonts/type1/public/cs/cst
i10.pfb></usr/share/texmf-texlive/fonts/type1/public/cs/cstt8.pfb></usr/share/t
exmf-texlive/fonts/type1/urw/helvetic/uhvr8a.pfb>
Output written on projekt.pdf (44 pages, 417166 bytes).
PDF statistics:
 311 PDF objects out of 1000 (max. 8388607)
 0 named destinations out of 1000 (max. 500000)
 71 words of extra memory for PDF output out of 10000 (max. 10000000)

