\BOOKMARK [0][-]{chapter.1}{\376\377\000P\000r\000o\000l\000o\000g\000u\000e}{}
\BOOKMARK [0][-]{chapter.2}{\376\377\000I\000n\000t\000e\000r\000n\000e\000t\000\040\000t\000e\000l\000e\000p\000h\000o\000n\000y}{}
\BOOKMARK [0][-]{chapter.3}{\376\377\000I\000S\000O\000/\000O\000S\000I\000\040\000s\000e\000s\000s\000i\000o\000n\000\040\000a\000n\000d\000\040\000a\000p\000p\000l\000i\000c\000a\000t\000i\000o\000n\000\040\000l\000a\000y\000e\000r\000\040\000p\000r\000o\000t\000o\000c\000o\000l\000s}{}
\BOOKMARK [1][-]{section.3.1}{\376\377\000H\000.\0003\0002\0003}{chapter.3}
\BOOKMARK [1][-]{section.3.2}{\376\377\000S\000I\000P}{chapter.3}
\BOOKMARK [1][-]{section.3.3}{\376\377\000L\000C\000P\000C\000P\000v\0001}{chapter.3}
\BOOKMARK [1][-]{section.3.4}{\376\377\000R\000T\000P}{chapter.3}
\BOOKMARK [0][-]{chapter.4}{\376\377\000D\000e\000c\000l\000a\000r\000a\000t\000i\000v\000e\000\040\000p\000r\000o\000g\000r\000a\000m\000m\000i\000n\000g\000\040\000p\000a\000r\000a\000d\000i\000g\000m}{}
\BOOKMARK [0][-]{chapter.5}{\376\377\000F\000u\000n\000c\000t\000i\000o\000n\000a\000l\000\040\000p\000r\000o\000g\000r\000a\000m\000m\000i\000n\000g}{}
\BOOKMARK [1][-]{section.5.1}{\376\377\000E\000v\000a\000l\000u\000a\000t\000i\000o\000n\000\040\000s\000t\000r\000a\000t\000e\000g\000y}{chapter.5}
\BOOKMARK [2][-]{subsection.5.1.1}{\376\377\000C\000a\000l\000l\000-\000b\000y\000-\000V\000a\000l\000u\000e}{section.5.1}
\BOOKMARK [2][-]{subsection.5.1.2}{\376\377\000C\000a\000l\000l\000-\000b\000y\000-\000R\000e\000f\000e\000r\000e\000n\000c\000e}{section.5.1}
\BOOKMARK [2][-]{subsection.5.1.3}{\376\377\000C\000a\000l\000l\000-\000b\000y\000-\000N\000a\000m\000e}{section.5.1}
\BOOKMARK [2][-]{subsection.5.1.4}{\376\377\000C\000a\000l\000l\000-\000b\000y\000-\000N\000e\000e\000d}{section.5.1}
\BOOKMARK [1][-]{section.5.2}{\376\377\000T\000y\000p\000e\000\040\000s\000y\000s\000t\000e\000m\000s}{chapter.5}
\BOOKMARK [1][-]{section.5.3}{\376\377\000F\000u\000n\000c\000t\000i\000o\000n\000s\000\040\000a\000n\000d\000\040\000f\000u\000n\000c\000t\000i\000o\000n\000\040\000o\000r\000d\000e\000r}{chapter.5}
\BOOKMARK [2][-]{subsection.5.3.1}{\376\377\000M\000a\000p\000s}{section.5.3}
\BOOKMARK [2][-]{subsection.5.3.2}{\376\377\000F\000i\000l\000t\000e\000r\000s}{section.5.3}
\BOOKMARK [2][-]{subsection.5.3.3}{\376\377\000F\000o\000l\000d\000s}{section.5.3}
\BOOKMARK [0][-]{chapter.6}{\376\377\000E\000r\000l\000a\000n\000g\000\040\000p\000r\000o\000g\000r\000a\000m\000m\000i\000n\000g\000\040\000l\000a\000n\000g\000u\000a\000g\000e}{}
\BOOKMARK [1][-]{section.6.1}{\376\377\000H\000i\000g\000h\000\040\000r\000e\000l\000i\000a\000b\000i\000l\000i\000t\000y}{chapter.6}
\BOOKMARK [2][-]{subsection.6.1.1}{\376\377\000F\000a\000u\000l\000t\000\040\000t\000o\000l\000e\000r\000a\000c\000e}{section.6.1}
\BOOKMARK [2][-]{subsection.6.1.2}{\376\377\000H\000o\000t\000-\000c\000o\000d\000e\000\040\000s\000w\000a\000p\000i\000n\000g}{section.6.1}
\BOOKMARK [1][-]{section.6.2}{\376\377\000M\000a\000s\000s\000i\000v\000e\000\040\000c\000o\000n\000c\000u\000r\000r\000e\000n\000c\000y}{chapter.6}
\BOOKMARK [1][-]{section.6.3}{\376\377\000E\000r\000l\000a\000n\000g\000\040\000h\000i\000s\000t\000o\000r\000y\000\040\000a\000n\000d\000\040\000p\000h\000i\000l\000o\000s\000o\000p\000h\000y}{chapter.6}
\BOOKMARK [1][-]{section.6.4}{\376\377\000W\000h\000y\000\040\000E\000r\000l\000a\000n\000g}{chapter.6}
\BOOKMARK [1][-]{section.6.5}{\376\377\000E\000r\000l\000a\000n\000g\000\040\000t\000y\000p\000e\000\040\000s\000y\000s\000t\000e\000m}{chapter.6}
\BOOKMARK [2][-]{subsection.6.5.1}{\376\377\000T\000y\000p\000E\000r}{section.6.5}
\BOOKMARK [2][-]{subsection.6.5.2}{\376\377\000D\000i\000a\000l\000i\000z\000e\000r}{section.6.5}
\BOOKMARK [1][-]{section.6.6}{\376\377\000E\000r\000l\000a\000n\000g\000\040\000e\000v\000a\000l\000u\000a\000t\000i\000o\000n\000\040\000s\000t\000r\000a\000t\000e\000g\000y}{chapter.6}
\BOOKMARK [0][-]{chapter.7}{\376\377\000O\000p\000e\000n\000\040\000T\000e\000l\000e\000c\000o\000m\000\040\000P\000l\000a\000t\000f\000o\000r\000m}{}
\BOOKMARK [1][-]{section.7.1}{\376\377\000B\000e\000h\000a\000v\000i\000o\000u\000r\000s}{chapter.7}
\BOOKMARK [1][-]{section.7.2}{\376\377\000G\000e\000n\000e\000r\000i\000c\000\040\000s\000e\000r\000v\000e\000r\000s}{chapter.7}
\BOOKMARK [1][-]{section.7.3}{\376\377\000F\000i\000n\000i\000t\000e\000\040\000s\000t\000a\000t\000e\000\040\000m\000a\000c\000h\000i\000n\000e\000s}{chapter.7}
\BOOKMARK [1][-]{section.7.4}{\376\377\000E\000v\000e\000n\000t\000\040\000h\000a\000n\000d\000l\000e\000r\000s}{chapter.7}
\BOOKMARK [1][-]{section.7.5}{\376\377\000A\000p\000p\000l\000i\000c\000a\000t\000i\000o\000n\000s}{chapter.7}
\BOOKMARK [0][-]{chapter.8}{\376\377\000D\000e\000s\000i\000g\000n\000i\000n\000g\000\040\000V\000o\000I\000P\000\040\000E\000x\000c\000h\000a\000n\000g\000e\000\040\000c\000o\000r\000e}{}
\BOOKMARK [1][-]{section.8.1}{\376\377\000W\000h\000a\000t\000\040\000i\000s\000\040\000a\000n\000\040\000a\000p\000p\000l\000i\000c\000a\000t\000i\000o\000n\000\040\000c\000o\000r\000e}{chapter.8}
\BOOKMARK [1][-]{section.8.2}{\376\377\000A\000\040\000s\000o\000l\000u\000t\000i\000o\000n\000\040\000c\000h\000o\000i\000c\000e}{chapter.8}
\BOOKMARK [0][-]{chapter.9}{\376\377\000G\000e\000n\000e\000r\000a\000l\000\040\000V\000o\000I\000P\000\040\000E\000x\000c\000h\000a\000n\000g\000e\000\040\000d\000e\000s\000i\000g\000n}{}
\BOOKMARK [0][-]{chapter.10}{\376\377\000C\000o\000n\000c\000l\000u\000s\000i\000o\000n}{}
